OSError: [Errno 22] Invalid argument

During handling of the above exception, another exception occurred:

Traceback (most recent call last):
  File "/users/danyoung/aos-project/evo.py", line 129, in <module>
    main()
  File "/users/danyoung/aos-project/evo.py", line 107, in main
    res = minimize(
  File "/users/danyoung/aos-project/.venv/lib/python3.10/site-packages/pymoo/optimize.py", line 67, in minimize
    res = algorithm.run()
  File "/users/danyoung/aos-project/.venv/lib/python3.10/site-packages/pymoo/core/algorithm.py", line 138, in run
    self.next()
  File "/users/danyoung/aos-project/.venv/lib/python3.10/site-packages/pymoo/core/algorithm.py", line 158, in next
    self.evaluator.eval(self.problem, infills, algorithm=self)
  File "/users/danyoung/aos-project/.venv/lib/python3.10/site-packages/pymoo/core/evaluator.py", line 69, in eval
    self._eval(problem, pop[I], evaluate_values_of, **kwargs)
  File "/users/danyoung/aos-project/.venv/lib/python3.10/site-packages/pymoo/core/evaluator.py", line 90, in _eval
    out = problem.evaluate(X, return_values_of=evaluate_values_of, return_as_dictionary=True, **kwargs)
  File "/users/danyoung/aos-project/.venv/lib/python3.10/site-packages/pymoo/core/problem.py", line 257, in evaluate
    _out = self.do(X, return_values_of, *args, **kwargs)
  File "/users/danyoung/aos-project/.venv/lib/python3.10/site-packages/pymoo/core/problem.py", line 297, in do
    self._evaluate_elementwise(X, out, *args, **kwargs)
  File "/users/danyoung/aos-project/.venv/lib/python3.10/site-packages/pymoo/core/problem.py", line 315, in _evaluate_elementwise
    elems = self.elementwise_runner(f, X)
  File "/users/danyoung/aos-project/.venv/lib/python3.10/site-packages/pymoo/core/problem.py", line 32, in __call__
    return [f(x) for x in X]
  File "/users/danyoung/aos-project/.venv/lib/python3.10/site-packages/pymoo/core/problem.py", line 32, in <listcomp>
    return [f(x) for x in X]
  File "/users/danyoung/aos-project/.venv/lib/python3.10/site-packages/pymoo/core/problem.py", line 25, in __call__
    self.problem._evaluate(x, out, *self.args, **self.kwargs)
  File "/users/danyoung/aos-project/evo.py", line 68, in _evaluate
    self.set_kernel_params(params)
  File "/users/danyoung/aos-project/evo.py", line 58, in set_kernel_params
    with open(param, "w", encoding="utf-8") as f:
OSError: [Errno 22] Invalid argument
